[30/07/20 21:47:45:462 GMT]  INFO util.Config: Initializing properties reader.
[30/07/20 21:47:45:466 GMT]  INFO util.Config: Loading dotCMS [dotmarketing-config.properties] Properties...
[30/07/20 21:47:45:520 GMT]  INFO util.Config: dotCMS Properties [dotmarketing-config.properties] Loaded
[30/07/20 21:47:45:554 GMT]  INFO util.Config: Loading dotCMS [dotcms-config-cluster.properties] Properties...
[30/07/20 21:47:45:555 GMT]  INFO util.Config: dotCMS Properties [dotcms-config-cluster.properties] Loaded
[30/07/20 21:47:45:557 GMT]  INFO util.Config: Assigned default refresh: 5 minutes.
[30/07/20 21:47:46:027 GMT]  INFO util.SystemProperties: Loading file:/build/src/core/dotCMS/build/resources/main/system.properties
[30/07/20 21:47:46:028 GMT]  INFO util.SystemProperties: Loading file:/build/src/core/dotCMS/build/resources/main/system-ext.properties
[30/07/20 21:47:46:039 GMT]  INFO util.PropsLoader: Loading file:/build/src/core/dotCMS/build/resources/main/portal.properties
[30/07/20 21:47:46:040 GMT]  INFO util.PropsLoader: Loading file:/build/src/core/dotCMS/build/resources/main/portal-ext.properties
[30/07/20 21:47:46:145 GMT]  INFO business.CacheLocator: loading cache administrator: com.dotmarketing.business.ChainableCacheAdministratorImpl
[30/07/20 21:47:46:243 GMT]  INFO business.CacheLocator: loading cache administrator: com.dotmarketing.business.ChainableCacheAdministratorImpl
[30/07/20 21:47:46:308 GMT] FATAL util.FileUtil: Config.CONTEXT not initialized with a servlet context, dying
[30/07/20 21:47:46:312 GMT] FATAL util.FileUtil: Config.CONTEXT not initialized with a servlet context, dying
[30/07/20 21:47:46:313 GMT] FATAL util.FileUtil: Config.CONTEXT not initialized with a servlet context, dying
[30/07/20 21:47:46:318 GMT] FATAL util.FileUtil: Config.CONTEXT not initialized with a servlet context, dying
[30/07/20 21:47:46:319 GMT]  WARN lang.System: No Valid License Found : /build/src/core/dotCMS/./dotsecure/license/license.dat
[30/07/20 21:47:46:319 GMT]  INFO enterprise.LicenseUtil: Setting up default license
[30/07/20 21:47:46:323 GMT]  INFO caffine.CaffineCache: ***	 Cache Config Memory : esquerycache: 10000
[30/07/20 21:47:46:323 GMT]  INFO caffine.CaffineCache: ***	 Cache Config Memory : default: 1000
[30/07/20 21:47:46:323 GMT]  INFO caffine.CaffineCache: ***	 Cache Config Memory : adminconfigpool: 100
[30/07/20 21:47:46:324 GMT]  INFO caffine.CaffineCache: ***	 Cache Config Memory : companypool: 10
[30/07/20 21:47:46:324 GMT]  INFO caffine.CaffineCache: ***	 Cache Config Memory : contentletcache: 5000
[30/07/20 21:47:46:324 GMT]  INFO caffine.CaffineCache: ***	 Cache Config Memory : csscache: 2500
[30/07/20 21:47:46:324 GMT]  INFO caffine.CaffineCache: ***	 Cache Config Memory : fileassetmetadatacache: 1000
[30/07/20 21:47:46:324 GMT]  INFO caffine.CaffineCache: ***	 Cache Config Memory : identifiercache: 50000
[30/07/20 21:47:46:324 GMT]  INFO caffine.CaffineCache: ***	 Cache Config Memory : indiciescache: 8
[30/07/20 21:47:46:325 GMT]  INFO caffine.CaffineCache: ***	 Cache Config Memory : logmappercache: 10
[30/07/20 21:47:46:325 GMT]  INFO caffine.CaffineCache: ***	 Cache Config Memory : navcache: 1000
[30/07/20 21:47:46:325 GMT]  INFO caffine.CaffineCache: ***	 Cache Config Memory : parentpermissionablecache: 10000
[30/07/20 21:47:46:325 GMT]  INFO caffine.CaffineCache: ***	 Cache Config Memory : permissioncache: 50000
[30/07/20 21:47:46:325 GMT]  INFO caffine.CaffineCache: ***	 Cache Config Memory : portletpool: 100
[30/07/20 21:47:46:325 GMT]  INFO caffine.CaffineCache: ***	 Cache Config Memory : publishingendpointcache: 100
[30/07/20 21:47:46:326 GMT]  INFO caffine.CaffineCache: ***	 Cache Config Memory : pushedassetscache: 5000
[30/07/20 21:47:46:326 GMT]  INFO caffine.CaffineCache: ***	 Cache Config Memory : templatecache: 500
[30/07/20 21:47:46:326 GMT]  INFO caffine.CaffineCache: ***	 Cache Config Memory : translatedquerycache: 5000
[30/07/20 21:47:46:327 GMT]  INFO caffine.CaffineCache: ***	 Cache Config Memory : versioncache: 50000
[30/07/20 21:47:46:327 GMT]  INFO caffine.CaffineCache: ***	 Cache Config Memory : versioninfocache: 50000
[30/07/20 21:47:46:327 GMT]  INFO caffine.CaffineCache: ***	 Cache Config Memory : workflowactioncache: 10000
[30/07/20 21:47:46:327 GMT]  INFO caffine.CaffineCache: ***	 Cache Config Memory : workflowtaskcache: 10000
[30/07/20 21:47:46:327 GMT]  INFO caffine.CaffineCache: ***	 Cache Config Memory : shorty: 25000
[30/07/20 21:47:46:327 GMT]  INFO caffine.CaffineCache: ***	 Cache Config Memory : identifier404cache: 5000
[30/07/20 21:47:46:327 GMT]  INFO caffine.CaffineCache: ***	 Cache Config Memory : velocitycache: 1000
[30/07/20 21:47:46:328 GMT]  INFO caffine.CaffineCache: ***	 Cache Config Memory : vanityurldirectcache: 25000
[30/07/20 21:47:46:328 GMT]  INFO caffine.CaffineCache: ***	 Cache Config Memory : vanityurlsitecache: 5000
[30/07/20 21:47:46:530 GMT]  WARN hikari.HikariConfig: jdbc/dotCMSPool - idleTimeout is close to or more than maxLifetime, disabling it.
[30/07/20 21:47:46:531 GMT]  INFO hikari.HikariDataSource: jdbc/dotCMSPool - Starting...
[30/07/20 21:47:47:584 GMT] ERROR pool.HikariPool: jdbc/dotCMSPool - Exception during pool initialization.
org.postgresql.util.PSQLException: Connection to localhost:5432 refused. Check that the hostname and port are correct and that the postmaster is accepting TCP/IP connections.
	at org.postgresql.core.v3.ConnectionFactoryImpl.openConnectionImpl(ConnectionFactoryImpl.java:280) ~[postgresql-42.2.8.jar:42.2.8]
	at org.postgresql.core.ConnectionFactory.openConnection(ConnectionFactory.java:49) ~[postgresql-42.2.8.jar:42.2.8]
	at org.postgresql.jdbc.PgConnection.<init>(PgConnection.java:195) ~[postgresql-42.2.8.jar:42.2.8]
	at org.postgresql.Driver.makeConnection(Driver.java:458) ~[postgresql-42.2.8.jar:42.2.8]
	at org.postgresql.Driver.connect(Driver.java:260) ~[postgresql-42.2.8.jar:42.2.8]
	at com.zaxxer.hikari.util.DriverDataSource.getConnection(DriverDataSource.java:138) ~[HikariCP-3.4.2.jar:?]
	at com.zaxxer.hikari.pool.PoolBase.newConnection(PoolBase.java:354) ~[HikariCP-3.4.2.jar:?]
	at com.zaxxer.hikari.pool.PoolBase.newPoolEntry(PoolBase.java:202) ~[HikariCP-3.4.2.jar:?]
	at com.zaxxer.hikari.pool.HikariPool.createPoolEntry(HikariPool.java:473) ~[HikariCP-3.4.2.jar:?]
	at com.zaxxer.hikari.pool.HikariPool.checkFailFast(HikariPool.java:554) ~[HikariCP-3.4.2.jar:?]
	at com.zaxxer.hikari.pool.HikariPool.<init>(HikariPool.java:115) ~[HikariCP-3.4.2.jar:?]
	at com.zaxxer.hikari.HikariDataSource.<init>(HikariDataSource.java:81) ~[HikariCP-3.4.2.jar:?]
	at com.dotmarketing.db.DBPropertiesDataSourceStrategy.apply(DBPropertiesDataSourceStrategy.java:63) ~[main/:?]
	at com.dotmarketing.db.DataSourceStrategyProvider.get(DataSourceStrategyProvider.java:68) ~[main/:?]
	at com.dotmarketing.db.DbConnectionFactory.getDataSource(DbConnectionFactory.java:117) ~[main/:?]
	at com.dotmarketing.db.DbConnectionFactory.getConnection(DbConnectionFactory.java:205) ~[main/:?]
	at com.dotmarketing.db.DbConnectionFactory.startTransactionIfNeeded(DbConnectionFactory.java:666) ~[main/:?]
	at com.dotmarketing.db.LocalTransaction.wrap(LocalTransaction.java:153) ~[main/:?]
	at com.dotcms.enterprise.license.LicenseManager$1.run(SourceFile:162) ~[ee-master-SNAPSHOT.jar:?]
	at java.lang.Thread.run(Thread.java:748) [?:1.8.0_212]
Caused by: java.net.ConnectException: Connection refused (Connection refused)
	at java.net.PlainSocketImpl.socketConnect(Native Method) ~[?:1.8.0_212]
	at java.net.AbstractPlainSocketImpl.doConnect(AbstractPlainSocketImpl.java:350) ~[?:1.8.0_212]
	at java.net.AbstractPlainSocketImpl.connectToAddress(AbstractPlainSocketImpl.java:206) ~[?:1.8.0_212]
	at java.net.AbstractPlainSocketImpl.connect(AbstractPlainSocketImpl.java:188) ~[?:1.8.0_212]
	at java.net.SocksSocketImpl.connect(SocksSocketImpl.java:392) ~[?:1.8.0_212]
	at java.net.Socket.connect(Socket.java:589) ~[?:1.8.0_212]
	at org.postgresql.core.PGStream.<init>(PGStream.java:75) ~[postgresql-42.2.8.jar:42.2.8]
	at org.postgresql.core.v3.ConnectionFactoryImpl.tryConnect(ConnectionFactoryImpl.java:91) ~[postgresql-42.2.8.jar:42.2.8]
	at org.postgresql.core.v3.ConnectionFactoryImpl.openConnectionImpl(ConnectionFactoryImpl.java:192) ~[postgresql-42.2.8.jar:42.2.8]
	... 19 more
[30/07/20 21:47:47:585 GMT]  WARN db.DataSourceStrategyProvider: Error initializing datasource. Reason: Failed to initialize pool: Connection to localhost:5432 refused. Check that the hostname and port are correct and that the postmaster is accepting TCP/IP connections.Trying to load datasource from context.xml ...
[30/07/20 21:47:47:585 GMT]  WARN db.DataSourceStrategyProvider: Failed to initialize pool: Connection to localhost:5432 refused. Check that the hostname and port are correct and that the postmaster is accepting TCP/IP connections.
[30/07/20 21:47:47:586 GMT]  WARN db.DataSourceStrategyProvider: com.zaxxer.hikari.pool.HikariPool.throwPoolInitializationException(HikariPool.java:589)
[30/07/20 21:47:47:599 GMT] ERROR db.TomcatDataSourceStrategy: ---------- Error getting dbconnection jdbc/dotCMSPool from context.xml
javax.naming.NoInitialContextException: Need to specify class name in environment or system property, or as an applet parameter, or in an application resource file:  java.naming.factory.initial
	at javax.naming.spi.NamingManager.getInitialContext(NamingManager.java:662) ~[?:1.8.0_212]
	at javax.naming.InitialContext.getDefaultInitCtx(InitialContext.java:313) ~[?:1.8.0_212]
	at javax.naming.InitialContext.getURLOrDefaultInitCtx(InitialContext.java:350) ~[?:1.8.0_212]
	at javax.naming.InitialContext.lookup(InitialContext.java:417) ~[?:1.8.0_212]
	at com.liferay.util.JNDIUtil.lookup(JNDIUtil.java:88) ~[main/:?]
	at com.dotmarketing.db.TomcatDataSourceStrategy.apply(TomcatDataSourceStrategy.java:36) ~[main/:?]
	at com.dotmarketing.db.DataSourceStrategyProvider.get(DataSourceStrategyProvider.java:99) ~[main/:?]
	at com.dotmarketing.db.DbConnectionFactory.getDataSource(DbConnectionFactory.java:117) ~[main/:?]
	at com.dotmarketing.db.DbConnectionFactory.getConnection(DbConnectionFactory.java:205) ~[main/:?]
	at com.dotmarketing.db.DbConnectionFactory.startTransactionIfNeeded(DbConnectionFactory.java:666) ~[main/:?]
	at com.dotmarketing.db.LocalTransaction.wrap(LocalTransaction.java:153) ~[main/:?]
	at com.dotcms.enterprise.license.LicenseManager$1.run(SourceFile:162) ~[ee-master-SNAPSHOT.jar:?]
	at java.lang.Thread.run(Thread.java:748) [?:1.8.0_212]
[30/07/20 21:47:47:600 GMT] ERROR db.DbConnectionFactory: ---------- DBConnectionFactory: error getting dbconnection jdbc/dotCMSPool
com.dotmarketing.exception.DotRuntimeException: javax.naming.NoInitialContextException: Need to specify class name in environment or system property, or as an applet parameter, or in an application resource file:  java.naming.factory.initial
	at com.dotmarketing.db.TomcatDataSourceStrategy.apply(TomcatDataSourceStrategy.java:43) ~[main/:?]
	at com.dotmarketing.db.DataSourceStrategyProvider.get(DataSourceStrategyProvider.java:99) ~[main/:?]
	at com.dotmarketing.db.DbConnectionFactory.getDataSource(DbConnectionFactory.java:117) ~[main/:?]
	at com.dotmarketing.db.DbConnectionFactory.getConnection(DbConnectionFactory.java:205) ~[main/:?]
	at com.dotmarketing.db.DbConnectionFactory.startTransactionIfNeeded(DbConnectionFactory.java:666) ~[main/:?]
	at com.dotmarketing.db.LocalTransaction.wrap(LocalTransaction.java:153) ~[main/:?]
	at com.dotcms.enterprise.license.LicenseManager$1.run(SourceFile:162) ~[ee-master-SNAPSHOT.jar:?]
	at java.lang.Thread.run(Thread.java:748) [?:1.8.0_212]
