[11/09/20 04:01:02:691 GMT]  INFO util.SystemProperties: Loading file:/build/src/core/dotCMS/build/resources/main/system.properties
[11/09/20 04:01:02:696 GMT]  INFO util.SystemProperties: Loading file:/build/src/core/dotCMS/build/resources/main/system-ext.properties
[11/09/20 04:01:02:719 GMT]  INFO util.SystemProperties: Loading file:/build/src/core/dotCMS/build/resources/main/system.properties
[11/09/20 04:01:02:719 GMT]  INFO util.SystemProperties: Loading file:/build/src/core/dotCMS/build/resources/main/system-ext.properties
[11/09/20 04:01:02:940 GMT]  INFO util.Config: Initializing properties reader.
[11/09/20 04:01:02:941 GMT]  INFO util.Config: Loading dotCMS [dotmarketing-config.properties] Properties...
[11/09/20 04:01:02:985 GMT]  INFO util.Config: dotCMS Properties [dotmarketing-config.properties] Loaded
[11/09/20 04:01:03:019 GMT]  INFO util.Config: Loading dotCMS [dotcms-config-cluster.properties] Properties...
[11/09/20 04:01:03:021 GMT]  INFO util.Config: dotCMS Properties [dotcms-config-cluster.properties] Loaded
[11/09/20 04:01:03:024 GMT]  INFO util.Config: Assigned default refresh: 5 minutes.
[11/09/20 04:01:03:042 GMT]  INFO business.CacheLocator: loading cache administrator: com.dotmarketing.business.ChainableCacheAdministratorImpl
[11/09/20 04:01:03:542 GMT]  INFO business.CacheLocator: loading cache administrator: com.dotmarketing.business.ChainableCacheAdministratorImpl
[11/09/20 04:01:03:991 GMT]  WARN hikari.HikariConfig: jdbc/dotCMSPool - idleTimeout is close to or more than maxLifetime, disabling it.
[11/09/20 04:01:03:993 GMT]  INFO hikari.HikariDataSource: jdbc/dotCMSPool - Starting...
[11/09/20 04:01:05:339 GMT] ERROR pool.HikariPool: jdbc/dotCMSPool - Exception during pool initialization.
com.microsoft.sqlserver.jdbc.SQLServerException: Cannot open database "dotcms" requested by the login. The login failed. ClientConnectionId:e910c772-002c-4084-80f8-00d195fbdfc9
	at com.microsoft.sqlserver.jdbc.SQLServerException.makeFromDatabaseError(SQLServerException.java:262) ~[mssql-jdbc-7.4.1.jre8.jar:?]
	at com.microsoft.sqlserver.jdbc.TDSTokenHandler.onEOF(tdsparser.java:283) ~[mssql-jdbc-7.4.1.jre8.jar:?]
	at com.microsoft.sqlserver.jdbc.TDSParser.parse(tdsparser.java:129) ~[mssql-jdbc-7.4.1.jre8.jar:?]
	at com.microsoft.sqlserver.jdbc.TDSParser.parse(tdsparser.java:37) ~[mssql-jdbc-7.4.1.jre8.jar:?]
	at com.microsoft.sqlserver.jdbc.SQLServerConnection.sendLogon(SQLServerConnection.java:5067) ~[mssql-jdbc-7.4.1.jre8.jar:?]
	at com.microsoft.sqlserver.jdbc.SQLServerConnection.logon(SQLServerConnection.java:3731) ~[mssql-jdbc-7.4.1.jre8.jar:?]
	at com.microsoft.sqlserver.jdbc.SQLServerConnection.access$000(SQLServerConnection.java:94) ~[mssql-jdbc-7.4.1.jre8.jar:?]
	at com.microsoft.sqlserver.jdbc.SQLServerConnection$LogonCommand.doExecute(SQLServerConnection.java:3675) ~[mssql-jdbc-7.4.1.jre8.jar:?]
	at com.microsoft.sqlserver.jdbc.TDSCommand.execute(IOBuffer.java:7194) ~[mssql-jdbc-7.4.1.jre8.jar:?]
	at com.microsoft.sqlserver.jdbc.SQLServerConnection.executeCommand(SQLServerConnection.java:2979) ~[mssql-jdbc-7.4.1.jre8.jar:?]
	at com.microsoft.sqlserver.jdbc.SQLServerConnection.connectHelper(SQLServerConnection.java:2488) ~[mssql-jdbc-7.4.1.jre8.jar:?]
	at com.microsoft.sqlserver.jdbc.SQLServerConnection.login(SQLServerConnection.java:2142) ~[mssql-jdbc-7.4.1.jre8.jar:?]
	at com.microsoft.sqlserver.jdbc.SQLServerConnection.connectInternal(SQLServerConnection.java:1993) ~[mssql-jdbc-7.4.1.jre8.jar:?]
	at com.microsoft.sqlserver.jdbc.SQLServerConnection.connect(SQLServerConnection.java:1164) ~[mssql-jdbc-7.4.1.jre8.jar:?]
	at com.microsoft.sqlserver.jdbc.SQLServerDriver.connect(SQLServerDriver.java:760) ~[mssql-jdbc-7.4.1.jre8.jar:?]
	at com.zaxxer.hikari.util.DriverDataSource.getConnection(DriverDataSource.java:138) ~[HikariCP-3.4.2.jar:?]
	at com.zaxxer.hikari.pool.PoolBase.newConnection(PoolBase.java:354) ~[HikariCP-3.4.2.jar:?]
	at com.zaxxer.hikari.pool.PoolBase.newPoolEntry(PoolBase.java:202) ~[HikariCP-3.4.2.jar:?]
	at com.zaxxer.hikari.pool.HikariPool.createPoolEntry(HikariPool.java:473) ~[HikariCP-3.4.2.jar:?]
	at com.zaxxer.hikari.pool.HikariPool.checkFailFast(HikariPool.java:554) ~[HikariCP-3.4.2.jar:?]
	at com.zaxxer.hikari.pool.HikariPool.<init>(HikariPool.java:115) ~[HikariCP-3.4.2.jar:?]
	at com.zaxxer.hikari.HikariDataSource.<init>(HikariDataSource.java:81) ~[HikariCP-3.4.2.jar:?]
	at com.dotcms.util.TestDataSourceProvider.apply(TestDataSourceProvider.java:22) ~[integrationTest/:?]
	at com.dotmarketing.db.DataSourceStrategyProvider.get(DataSourceStrategyProvider.java:86) ~[main/:?]
	at com.dotmarketing.db.DbConnectionFactory.getDataSource(DbConnectionFactory.java:117) ~[main/:?]
	at com.dotmarketing.db.DbConnectionFactory.getConnection(DbConnectionFactory.java:205) ~[main/:?]
	at com.dotmarketing.common.db.DotConnect.executeQuery(DotConnect.java:531) ~[main/:?]
	at com.dotmarketing.common.db.DotConnect.loadResult(DotConnect.java:271) ~[main/:?]
	at com.dotmarketing.common.db.DotConnect.loadObjectResults(DotConnect.java:925) ~[main/:?]
	at com.dotcms.enterprise.license.a.c(SourceFile:135) ~[ee-5.3.8.jar:?]
	at com.dotcms.enterprise.license.a.a(SourceFile:142) ~[ee-5.3.8.jar:?]
	at com.dotcms.enterprise.license.LicenseManager.c(SourceFile:121) ~[ee-5.3.8.jar:?]
	at com.dotcms.enterprise.license.LicenseManager.b(SourceFile:59) ~[ee-5.3.8.jar:?]
	at com.dotcms.enterprise.license.LicenseManager.<init>(SourceFile:52) ~[ee-5.3.8.jar:?]
	at com.dotcms.enterprise.license.LicenseManager.<clinit>(SourceFile:205) ~[ee-5.3.8.jar:?]
	at com.dotcms.enterprise.LicenseUtil.getLevel(SourceFile:161) ~[ee-5.3.8.jar:?]
	at com.dotcms.enterprise.cache.provider.CacheProviderAPIImpl.a(SourceFile:175) ~[ee-5.3.8.jar:?]
	at com.dotcms.enterprise.cache.provider.CacheProviderAPIImpl.b(SourceFile:191) ~[ee-5.3.8.jar:?]
	at com.dotcms.enterprise.cache.provider.CacheProviderAPIImpl.init(SourceFile:323) ~[ee-5.3.8.jar:?]
	at com.dotmarketing.business.ChainableCacheAdministratorImpl.initProviders(ChainableCacheAdministratorImpl.java:84) ~[main/:?]
	at com.dotmarketing.business.CommitListenerCacheWrapper.initProviders(CommitListenerCacheWrapper.java:29) ~[main/:?]
	at com.dotmarketing.business.CacheLocator.init(CacheLocator.java:127) ~[main/:?]
	at com.dotmarketing.business.CacheLocator.getInstance(CacheLocator.java:326) ~[main/:?]
	at com.dotmarketing.business.CacheLocator.getCmsRoleCache(CacheLocator.java:144) ~[main/:?]
	at com.dotmarketing.business.RoleFactoryImpl.<init>(RoleFactoryImpl.java:34) ~[main/:?]
	at com.dotmarketing.business.FactoryIndex.create(FactoryLocator.java:321) ~[main/:?]
	at com.dotmarketing.business.FactoryLocator.createService(FactoryLocator.java:251) ~[main/:?]
	at com.dotmarketing.business.FactoryLocator.createService(FactoryLocator.java:1) ~[main/:?]
	at com.dotmarketing.business.Locator.getServiceInstance(Locator.java:41) ~[main/:?]
	at com.dotmarketing.business.FactoryLocator.getInstance(FactoryLocator.java:241) ~[main/:?]
	at com.dotmarketing.business.FactoryLocator.getRoleFactory(FactoryLocator.java:138) ~[main/:?]
	at com.dotmarketing.business.RoleAPIImpl.<init>(RoleAPIImpl.java:38) ~[main/:?]
	at com.dotmarketing.business.APIIndex.create(APILocator.java:1146) ~[main/:?]
	at com.dotmarketing.business.APILocator.createService(APILocator.java:1035) ~[main/:?]
	at com.dotmarketing.business.APILocator.createService(APILocator.java:1) ~[main/:?]
	at com.dotmarketing.business.Locator.getServiceInstance(Locator.java:41) ~[main/:?]
	at com.dotmarketing.business.APILocator.getInstance(APILocator.java:1008) ~[main/:?]
	at com.dotmarketing.business.APILocator.getRoleAPI(APILocator.java:259) ~[main/:?]
	at com.dotcms.content.elasticsearch.business.ESReadOnlyMonitor.<init>(ESReadOnlyMonitor.java:54) ~[main/:?]
	at com.dotcms.content.elasticsearch.business.ESReadOnlyMonitor.<init>(ESReadOnlyMonitor.java:51) ~[main/:?]
	at com.dotcms.content.elasticsearch.business.ESReadOnlyMonitor$Singleton.<clinit>(ESReadOnlyMonitor.java:61) ~[main/:?]
	at com.dotcms.content.elasticsearch.business.ESReadOnlyMonitor.getInstance(ESReadOnlyMonitor.java:73) ~[main/:?]
	at com.dotmarketing.common.reindex.ReindexQueueAPIImpl.<init>(ReindexQueueAPIImpl.java:39) ~[main/:?]
	at com.dotmarketing.business.APIIndex.create(APILocator.java:1162) ~[main/:?]
	at com.dotmarketing.business.APILocator.createService(APILocator.java:1035) ~[main/:?]
	at com.dotmarketing.business.APILocator.createService(APILocator.java:1) ~[main/:?]
	at com.dotmarketing.business.Locator.getServiceInstance(Locator.java:41) ~[main/:?]
	at com.dotmarketing.business.APILocator.getInstance(APILocator.java:1008) ~[main/:?]
	at com.dotmarketing.business.APILocator.getReindexQueueAPI(APILocator.java:439) ~[main/:?]
	at com.dotmarketing.business.ChainableCacheAdministratorImpl.<init>(ChainableCacheAdministratorImpl.java:76) ~[main/:?]
	at com.dotmarketing.business.ChainableCacheAdministratorImpl.<init>(ChainableCacheAdministratorImpl.java:64) ~[main/:?]
	at sun.reflect.NativeConstructorAccessorImpl.newInstance0(Native Method) ~[?:1.8.0_212]
	at sun.reflect.NativeConstructorAccessorImpl.newInstance(NativeConstructorAccessorImpl.java:62) ~[?:1.8.0_212]
	at sun.reflect.DelegatingConstructorAccessorImpl.newInstance(DelegatingConstructorAccessorImpl.java:45) ~[?:1.8.0_212]
	at java.lang.reflect.Constructor.newInstance(Constructor.java:423) ~[?:1.8.0_212]
	at java.lang.Class.newInstance(Class.java:442) ~[?:1.8.0_212]
	at com.dotmarketing.business.CacheLocator.init(CacheLocator.java:107) ~[main/:?]
	at com.dotcms.util.IntegrationTestInitService.init(IntegrationTestInitService.java:42) ~[integrationTest/:?]
	at com.dotcms.graphql.business.GraphqlAPITest.dataProviderEEBaseTypes(GraphqlAPITest.java:680) ~[integrationTest/:?]
	at sun.reflect.NativeMethodAccessorImpl.invoke0(Native Method) ~[?:1.8.0_212]
	at sun.reflect.NativeMethodAccessorImpl.invoke(NativeMethodAccessorImpl.java:62) ~[?:1.8.0_212]
	at sun.reflect.DelegatingMethodAccessorImpl.invoke(DelegatingMethodAccessorImpl.java:43) ~[?:1.8.0_212]
	at java.lang.reflect.Method.invoke(Method.java:498) ~[?:1.8.0_212]
	at org.junit.runners.model.FrameworkMethod$1.runReflectiveCall(FrameworkMethod.java:50) ~[junit-4.12.jar:4.12]
	at org.junit.internal.runners.model.ReflectiveCallable.run(ReflectiveCallable.java:12) ~[junit-4.12.jar:4.12]
	at org.junit.runners.model.FrameworkMethod.invokeExplosively(FrameworkMethod.java:47) ~[junit-4.12.jar:4.12]
	at com.tngtech.java.junit.dataprovider.internal.TestGenerator.explodeTestMethod(TestGenerator.java:100) ~[junit4-dataprovider-2.6.jar:2.6]
	at com.tngtech.java.junit.dataprovider.internal.TestGenerator.generateExplodedTestMethodsFor(TestGenerator.java:58) ~[junit4-dataprovider-2.6.jar:2.6]
	at com.tngtech.java.junit.dataprovider.DataProviderRunner.generateExplodedTestMethodsFor(DataProviderRunner.java:227) ~[junit4-dataprovider-2.6.jar:2.6]
	at com.tngtech.java.junit.dataprovider.DataProviderRunner.computeTestMethods(DataProviderRunner.java:181) ~[junit4-dataprovider-2.6.jar:2.6]
	at com.tngtech.java.junit.dataprovider.DataProviderRunner.validateInstanceMethods(DataProviderRunner.java:113) ~[junit4-dataprovider-2.6.jar:2.6]
	at org.junit.runners.BlockJUnit4ClassRunner.collectInitializationErrors(BlockJUnit4ClassRunner.java:128) ~[junit-4.12.jar:4.12]
	at com.tngtech.java.junit.dataprovider.DataProviderRunner.collectInitializationErrors(DataProviderRunner.java:88) ~[junit4-dataprovider-2.6.jar:2.6]
	at org.junit.runners.ParentRunner.validate(ParentRunner.java:416) ~[junit-4.12.jar:4.12]
	at org.junit.runners.ParentRunner.<init>(ParentRunner.java:84) ~[junit-4.12.jar:4.12]
	at org.junit.runners.BlockJUnit4ClassRunner.<init>(BlockJUnit4ClassRunner.java:65) ~[junit-4.12.jar:4.12]
	at com.tngtech.java.junit.dataprovider.DataProviderRunner.<init>(DataProviderRunner.java:79) ~[junit4-dataprovider-2.6.jar:2.6]
	at com.dotcms.junit.CustomDataProviderRunner.<init>(CustomDataProviderRunner.java:16) ~[integrationTest/:?]
	at com.dotcms.junit.MainBaseSuite.getRunners(MainBaseSuite.java:34) ~[integrationTest/:?]
	at com.dotcms.junit.MainBaseSuite.<init>(MainBaseSuite.java:14) ~[integrationTest/:?]
	at sun.reflect.NativeConstructorAccessorImpl.newInstance0(Native Method) ~[?:1.8.0_212]
	at sun.reflect.NativeConstructorAccessorImpl.newInstance(NativeConstructorAccessorImpl.java:62) ~[?:1.8.0_212]
	at sun.reflect.DelegatingConstructorAccessorImpl.newInstance(DelegatingConstructorAccessorImpl.java:45) ~[?:1.8.0_212]
	at java.lang.reflect.Constructor.newInstance(Constructor.java:423) ~[?:1.8.0_212]
	at org.junit.internal.builders.AnnotatedBuilder.buildRunner(AnnotatedBuilder.java:107) ~[junit-4.12.jar:4.12]
	at org.junit.internal.builders.AnnotatedBuilder.runnerForClass(AnnotatedBuilder.java:86) ~[junit-4.12.jar:4.12]
	at org.junit.runners.model.RunnerBuilder.safeRunnerForClass(RunnerBuilder.java:59) ~[junit-4.12.jar:4.12]
	at org.junit.internal.builders.AllDefaultPossibilitiesBuilder.runnerForClass(AllDefaultPossibilitiesBuilder.java:26) ~[junit-4.12.jar:4.12]
	at org.junit.runners.model.RunnerBuilder.safeRunnerForClass(RunnerBuilder.java:59) ~[junit-4.12.jar:4.12]
	at org.junit.internal.requests.ClassRequest.getRunner(ClassRequest.java:33) ~[junit-4.12.jar:4.12]
	at org.gradle.api.internal.tasks.testing.junit.JUnitTestClassExecuter.runTestClass(JUnitTestClassExecuter.java:86) ~[?:?]
	at org.gradle.api.internal.tasks.testing.junit.JUnitTestClassExecuter.execute(JUnitTestClassExecuter.java:57) ~[?:?]
	at org.gradle.api.internal.tasks.testing.junit.JUnitTestClassProcessor.processTestClass(JUnitTestClassProcessor.java:66) ~[?:?]
	at org.gradle.api.internal.tasks.testing.SuiteTestClassProcessor.processTestClass(SuiteTestClassProcessor.java:51) ~[?:?]
	at sun.reflect.NativeMethodAccessorImpl.invoke0(Native Method) ~[?:1.8.0_212]
	at sun.reflect.NativeMethodAccessorImpl.invoke(NativeMethodAccessorImpl.java:62) ~[?:1.8.0_212]
	at sun.reflect.DelegatingMethodAccessorImpl.invoke(DelegatingMethodAccessorImpl.java:43) ~[?:1.8.0_212]
	at java.lang.reflect.Method.invoke(Method.java:498) ~[?:1.8.0_212]
	at org.gradle.internal.dispatch.ReflectionDispatch.dispatch(ReflectionDispatch.java:35) ~[?:?]
	at org.gradle.internal.dispatch.ReflectionDispatch.dispatch(ReflectionDispatch.java:24) ~[?:?]
	at org.gradle.internal.dispatch.ContextClassLoaderDispatch.dispatch(ContextClassLoaderDispatch.java:32) ~[?:?]
	at org.gradle.internal.dispatch.ProxyDispatchAdapter$DispatchingInvocationHandler.invoke(ProxyDispatchAdapter.java:93) ~[?:?]
	at com.sun.proxy.$Proxy1.processTestClass(Unknown Source) ~[?:?]
	at org.gradle.api.internal.tasks.testing.worker.TestWorker.processTestClass(TestWorker.java:108) ~[?:?]
	at sun.reflect.NativeMethodAccessorImpl.invoke0(Native Method) ~[?:1.8.0_212]
	at sun.reflect.NativeMethodAccessorImpl.invoke(NativeMethodAccessorImpl.java:62) ~[?:1.8.0_212]
	at sun.reflect.DelegatingMethodAccessorImpl.invoke(DelegatingMethodAccessorImpl.java:43) ~[?:1.8.0_212]
	at java.lang.reflect.Method.invoke(Method.java:498) ~[?:1.8.0_212]
	at org.gradle.internal.dispatch.ReflectionDispatch.dispatch(ReflectionDispatch.java:35) ~[?:?]
	at org.gradle.internal.dispatch.ReflectionDispatch.dispatch(ReflectionDispatch.java:24) ~[?:?]
	at org.gradle.internal.remote.internal.hub.MessageHubBackedObjectConnection$DispatchWrapper.dispatch(MessageHubBackedObjectConnection.java:146) ~[?:?]
	at org.gradle.internal.remote.internal.hub.MessageHubBackedObjectConnection$DispatchWrapper.dispatch(MessageHubBackedObjectConnection.java:128) ~[?:?]
	at org.gradle.internal.remote.internal.hub.MessageHub$Handler.run(MessageHub.java:404) ~[?:?]
	at org.gradle.internal.concurrent.ExecutorPolicy$CatchAndRecordFailures.onExecute(ExecutorPolicy.java:63) ~[?:?]
	at org.gradle.internal.concurrent.ManagedExecutorImpl$1.run(ManagedExecutorImpl.java:46) ~[?:?]
	at java.util.concurrent.ThreadPoolExecutor.runWorker(ThreadPoolExecutor.java:1149) [?:1.8.0_212]
	at java.util.concurrent.ThreadPoolExecutor$Worker.run(ThreadPoolExecutor.java:624) [?:1.8.0_212]
	at org.gradle.internal.concurrent.ThreadFactoryImpl$ManagedThreadRunnable.run(ThreadFactoryImpl.java:55) ~[?:?]
	at java.lang.Thread.run(Thread.java:748) [?:1.8.0_212]
[11/09/20 04:01:05:340 GMT]  WARN db.DataSourceStrategyProvider: Error initializing datasource. Reason: Failed to initialize pool: Cannot open database "dotcms" requested by the login. The login failed. ClientConnectionId:e910c772-002c-4084-80f8-00d195fbdfc9Trying to load datasource from context.xml ...
[11/09/20 04:01:05:340 GMT]  WARN db.DataSourceStrategyProvider: Failed to initialize pool: Cannot open database "dotcms" requested by the login. The login failed. ClientConnectionId:e910c772-002c-4084-80f8-00d195fbdfc9
[11/09/20 04:01:05:342 GMT]  WARN db.DataSourceStrategyProvider: com.zaxxer.hikari.pool.HikariPool.throwPoolInitializationException(HikariPool.java:589)
