[25/08/20 18:25:27:444 GMT]  INFO util.SystemProperties: Loading file:/build/src/core/dotCMS/build/resources/main/system.properties
[25/08/20 18:25:27:447 GMT]  INFO util.SystemProperties: Loading file:/build/src/core/dotCMS/build/resources/main/system-ext.properties
[25/08/20 18:25:27:470 GMT]  INFO util.SystemProperties: Loading file:/build/src/core/dotCMS/build/resources/main/system.properties
[25/08/20 18:25:27:470 GMT]  INFO util.SystemProperties: Loading file:/build/src/core/dotCMS/build/resources/main/system-ext.properties
[25/08/20 18:25:27:671 GMT]  INFO util.Config: Initializing properties reader.
[25/08/20 18:25:27:672 GMT]  INFO util.Config: Loading dotCMS [dotmarketing-config.properties] Properties...
[25/08/20 18:25:27:720 GMT]  INFO util.Config: dotCMS Properties [dotmarketing-config.properties] Loaded
[25/08/20 18:25:27:765 GMT]  INFO util.Config: Loading dotCMS [dotcms-config-cluster.properties] Properties...
[25/08/20 18:25:27:769 GMT]  INFO util.Config: dotCMS Properties [dotcms-config-cluster.properties] Loaded
[25/08/20 18:25:27:776 GMT]  INFO util.Config: Assigned default refresh: 5 minutes.
[25/08/20 18:25:27:790 GMT]  INFO business.CacheLocator: loading cache administrator: com.dotmarketing.business.ChainableCacheAdministratorImpl
[25/08/20 18:25:28:391 GMT]  INFO business.CacheLocator: loading cache administrator: com.dotmarketing.business.ChainableCacheAdministratorImpl
[25/08/20 18:25:28:874 GMT]  WARN hikari.HikariConfig: jdbc/dotCMSPool - idleTimeout is close to or more than maxLifetime, disabling it.
[25/08/20 18:25:28:877 GMT]  INFO hikari.HikariDataSource: jdbc/dotCMSPool - Starting...
[25/08/20 18:25:29:004 GMT]  INFO hikari.HikariDataSource: jdbc/dotCMSPool - Start completed.
[25/08/20 18:25:29:005 GMT]  INFO db.DataSourceStrategyProvider: Datasource loaded using custom class com.dotcms.util.TestDataSourceProvider
[25/08/20 18:25:29:034 GMT]  WARN lang.System: No Valid License Found : /custom/dotsecure/license/license.dat
[25/08/20 18:25:29:034 GMT]  INFO enterprise.LicenseUtil: Setting up default license
[25/08/20 18:25:29:038 GMT]  INFO caffine.CaffineCache: ***	 Cache Config Memory : default: 1000
[25/08/20 18:25:29:039 GMT]  INFO caffine.CaffineCache: ***	 Cache Config Memory : adminconfigpool: 100
[25/08/20 18:25:29:039 GMT]  INFO caffine.CaffineCache: ***	 Cache Config Memory : companypool: 10
[25/08/20 18:25:29:039 GMT]  INFO caffine.CaffineCache: ***	 Cache Config Memory : contentletcache: 5000
[25/08/20 18:25:29:039 GMT]  INFO caffine.CaffineCache: ***	 Cache Config Memory : csscache: 2500
[25/08/20 18:25:29:039 GMT]  INFO caffine.CaffineCache: ***	 Cache Config Memory : fileassetmetadatacache: 200
[25/08/20 18:25:29:039 GMT]  INFO caffine.CaffineCache: ***	 Cache Config Memory : identifiercache: 50000
[25/08/20 18:25:29:039 GMT]  INFO caffine.CaffineCache: ***	 Cache Config Memory : indiciescache: 8
[25/08/20 18:25:29:039 GMT]  INFO caffine.CaffineCache: ***	 Cache Config Memory : logmappercache: 10
[25/08/20 18:25:29:039 GMT]  INFO caffine.CaffineCache: ***	 Cache Config Memory : navcache: 1000
[25/08/20 18:25:29:039 GMT]  INFO caffine.CaffineCache: ***	 Cache Config Memory : parentpermissionablecache: 10000
[25/08/20 18:25:29:039 GMT]  INFO caffine.CaffineCache: ***	 Cache Config Memory : permissioncache: 50000
[25/08/20 18:25:29:039 GMT]  INFO caffine.CaffineCache: ***	 Cache Config Memory : portletpool: 100
[25/08/20 18:25:29:040 GMT]  INFO caffine.CaffineCache: ***	 Cache Config Memory : publishingendpointcache: 100
[25/08/20 18:25:29:040 GMT]  INFO caffine.CaffineCache: ***	 Cache Config Memory : pushedassetscache: 5000
[25/08/20 18:25:29:040 GMT]  INFO caffine.CaffineCache: ***	 Cache Config Memory : structurecache: 500
[25/08/20 18:25:29:040 GMT]  INFO caffine.CaffineCache: ***	 Cache Config Memory : templatecache: 500
[25/08/20 18:25:29:040 GMT]  INFO caffine.CaffineCache: ***	 Cache Config Memory : translatedquerycache: 5000
[25/08/20 18:25:29:040 GMT]  INFO caffine.CaffineCache: ***	 Cache Config Memory : versioncache: 50000
[25/08/20 18:25:29:040 GMT]  INFO caffine.CaffineCache: ***	 Cache Config Memory : versioninfocache: 50000
[25/08/20 18:25:29:040 GMT]  INFO caffine.CaffineCache: ***	 Cache Config Memory : workflowactioncache: 10000
[25/08/20 18:25:29:040 GMT]  INFO caffine.CaffineCache: ***	 Cache Config Memory : workflowtaskcache: 10000
[25/08/20 18:25:29:040 GMT]  INFO caffine.CaffineCache: ***	 Cache Config Memory : shorty: 25000
[25/08/20 18:25:29:041 GMT]  INFO caffine.CaffineCache: ***	 Cache Config Memory : identifier404cache: 5000
[25/08/20 18:25:29:041 GMT]  INFO caffine.CaffineCache: ***	 Cache Config Memory : velocitycache: 1000
[25/08/20 18:25:29:041 GMT]  INFO caffine.CaffineCache: ***	 Cache Config Memory : vanityurlcache: 1000
[25/08/20 18:25:29:041 GMT]  INFO caffine.CaffineCache: ***	 Cache Config Memory : cachedvanityurlgroup: 1000
[25/08/20 18:25:29:208 GMT]  INFO caffine.CaffineCache: ***	 Cache Config Memory : default: 1000
[25/08/20 18:25:29:208 GMT]  INFO caffine.CaffineCache: ***	 Cache Config Memory : adminconfigpool: 100
[25/08/20 18:25:29:208 GMT]  INFO caffine.CaffineCache: ***	 Cache Config Memory : companypool: 10
[25/08/20 18:25:29:208 GMT]  INFO caffine.CaffineCache: ***	 Cache Config Memory : contentletcache: 5000
[25/08/20 18:25:29:209 GMT]  INFO caffine.CaffineCache: ***	 Cache Config Memory : csscache: 2500
[25/08/20 18:25:29:209 GMT]  INFO caffine.CaffineCache: ***	 Cache Config Memory : fileassetmetadatacache: 200
[25/08/20 18:25:29:209 GMT]  INFO caffine.CaffineCache: ***	 Cache Config Memory : identifiercache: 50000
[25/08/20 18:25:29:209 GMT]  INFO caffine.CaffineCache: ***	 Cache Config Memory : indiciescache: 8
[25/08/20 18:25:29:209 GMT]  INFO caffine.CaffineCache: ***	 Cache Config Memory : logmappercache: 10
[25/08/20 18:25:29:209 GMT]  INFO caffine.CaffineCache: ***	 Cache Config Memory : navcache: 1000
[25/08/20 18:25:29:209 GMT]  INFO caffine.CaffineCache: ***	 Cache Config Memory : parentpermissionablecache: 10000
[25/08/20 18:25:29:209 GMT]  INFO caffine.CaffineCache: ***	 Cache Config Memory : permissioncache: 50000
[25/08/20 18:25:29:209 GMT]  INFO caffine.CaffineCache: ***	 Cache Config Memory : portletpool: 100
[25/08/20 18:25:29:210 GMT]  INFO caffine.CaffineCache: ***	 Cache Config Memory : publishingendpointcache: 100
[25/08/20 18:25:29:210 GMT]  INFO caffine.CaffineCache: ***	 Cache Config Memory : pushedassetscache: 5000
[25/08/20 18:25:29:210 GMT]  INFO caffine.CaffineCache: ***	 Cache Config Memory : structurecache: 500
[25/08/20 18:25:29:210 GMT]  INFO caffine.CaffineCache: ***	 Cache Config Memory : templatecache: 500
[25/08/20 18:25:29:210 GMT]  INFO caffine.CaffineCache: ***	 Cache Config Memory : translatedquerycache: 5000
[25/08/20 18:25:29:210 GMT]  INFO caffine.CaffineCache: ***	 Cache Config Memory : versioncache: 50000
[25/08/20 18:25:29:210 GMT]  INFO caffine.CaffineCache: ***	 Cache Config Memory : versioninfocache: 50000
[25/08/20 18:25:29:210 GMT]  INFO caffine.CaffineCache: ***	 Cache Config Memory : workflowactioncache: 10000
[25/08/20 18:25:29:210 GMT]  INFO caffine.CaffineCache: ***	 Cache Config Memory : workflowtaskcache: 10000
[25/08/20 18:25:29:210 GMT]  INFO caffine.CaffineCache: ***	 Cache Config Memory : shorty: 25000
[25/08/20 18:25:29:210 GMT]  INFO caffine.CaffineCache: ***	 Cache Config Memory : identifier404cache: 5000
[25/08/20 18:25:29:210 GMT]  INFO caffine.CaffineCache: ***	 Cache Config Memory : velocitycache: 1000
[25/08/20 18:25:29:210 GMT]  INFO caffine.CaffineCache: ***	 Cache Config Memory : vanityurlcache: 1000
[25/08/20 18:25:29:211 GMT]  INFO caffine.CaffineCache: ***	 Cache Config Memory : cachedvanityurlgroup: 1000
[25/08/20 18:25:29:233 GMT]  INFO util.StartupTasksUtil: Starting startup tasks.
[25/08/20 18:25:29:246 GMT]  INFO cfg.Environment: Hibernate 2.1.8
[25/08/20 18:25:29:247 GMT]  INFO cfg.Environment: hibernate.properties not found
[25/08/20 18:25:29:248 GMT]  INFO cfg.Environment: using CGLIB reflection optimizer
[25/08/20 18:25:29:248 GMT]  INFO cfg.Environment: using JDK 1.4 java.sql.Timestamp handling
[25/08/20 18:25:29:249 GMT]  INFO cfg.Configuration: configuring from resource: /hibernate.cfg.xml
[25/08/20 18:25:29:249 GMT]  INFO cfg.Configuration: Configuration resource: /hibernate.cfg.xml
[25/08/20 18:25:29:461 GMT]  INFO cfg.Configuration: Configured SessionFactory: null
[25/08/20 18:25:29:461 GMT]  INFO cfg.Configuration: Mapping resource: META-INF/portal-hbm.xml
[25/08/20 18:25:29:516 GMT]  INFO cfg.Binder: Mapping class: com.liferay.portal.ejb.AddressHBM -> Address
[25/08/20 18:25:29:547 GMT]  INFO cfg.Binder: Mapping class: com.liferay.portal.ejb.CompanyHBM -> Company
[25/08/20 18:25:29:550 GMT]  INFO cfg.Binder: Mapping class: com.liferay.portal.ejb.ImageHBM -> Image
[25/08/20 18:25:29:551 GMT]  INFO cfg.Binder: Mapping class: com.liferay.portal.ejb.PasswordTrackerHBM -> PasswordTracker
[25/08/20 18:25:29:552 GMT]  INFO cfg.Binder: Mapping class: com.liferay.portal.ejb.UserHBM -> User_
[25/08/20 18:25:29:558 GMT]  INFO cfg.Binder: Mapping class: com.liferay.portal.ejb.UserTrackerHBM -> UserTracker
[25/08/20 18:25:29:559 GMT]  INFO cfg.Binder: Mapping class: com.liferay.portal.ejb.UserTrackerPathHBM -> UserTrackerPath
[25/08/20 18:25:29:560 GMT]  INFO cfg.Binder: Mapping class: com.liferay.portlet.admin.ejb.AdminConfigHBM -> AdminConfig
[25/08/20 18:25:29:561 GMT]  INFO cfg.Configuration: Mapping resource: com/dotmarketing/beans/DotCMSSeq.hbm.xml
[25/08/20 18:25:29:642 GMT]  INFO cfg.Binder: Mapping class: com.dotmarketing.beans.Inode -> inode
[25/08/20 18:25:29:660 GMT]  INFO cfg.Binder: Mapping joined-subclass: com.dotmarketing.portlets.categories.model.Category -> category
[25/08/20 18:25:29:665 GMT]  INFO cfg.Binder: Mapping joined-subclass: com.dotmarketing.portlets.contentlet.business.Contentlet -> contentlet
[25/08/20 18:25:29:671 GMT]  INFO cfg.Binder: Mapping joined-subclass: com.dotmarketing.portlets.containers.model.Container -> dot_containers
[25/08/20 18:25:29:671 GMT]  INFO cfg.Binder: Mapping joined-subclass: com.dotmarketing.portlets.folders.model.Folder -> folder
[25/08/20 18:25:29:671 GMT]  INFO cfg.Binder: Mapping joined-subclass: com.dotmarketing.portlets.templates.model.Template -> template
[25/08/20 18:25:29:672 GMT]  INFO cfg.Binder: Mapping joined-subclass: com.dotmarketing.portlets.links.model.Link -> links
[25/08/20 18:25:29:677 GMT]  INFO cfg.Binder: Mapping joined-subclass: com.dotmarketing.beans.UserProxy -> user_proxy
[25/08/20 18:25:29:680 GMT]  INFO cfg.Binder: Mapping joined-subclass: com.dotmarketing.portlets.structure.model.Field -> field
[25/08/20 18:25:29:683 GMT]  INFO cfg.Binder: Mapping class: com.dotmarketing.portlets.workflows.model.WorkflowTask -> workflow_task
[25/08/20 18:25:29:690 GMT]  INFO cfg.Binder: Mapping class: com.dotmarketing.portlets.workflows.model.WorkflowComment -> workflow_comment
[25/08/20 18:25:29:690 GMT]  INFO cfg.Binder: Mapping class: com.dotmarketing.portlets.workflows.model.WorkflowHistory -> workflow_history
[25/08/20 18:25:29:691 GMT]  INFO cfg.Binder: Mapping class: com.dotmarketing.portlets.workflows.model.WorkFlowTaskFiles -> workflowtask_files
[25/08/20 18:25:29:692 GMT]  INFO cfg.Binder: Mapping class: com.dotmarketing.beans.Permission -> permission
[25/08/20 18:25:29:692 GMT]  INFO cfg.Binder: Mapping class: com.dotmarketing.beans.PermissionReference -> permission_reference
[25/08/20 18:25:29:692 GMT]  INFO cfg.Binder: Mapping class: com.dotmarketing.beans.Tree -> tree
[25/08/20 18:25:29:790 GMT]  INFO cfg.Binder: Mapping class: com.dotmarketing.beans.MultiTree -> multi_tree
[25/08/20 18:25:29:799 GMT]  INFO util.ReflectHelper: reflection optimizer disabled for: com.dotmarketing.beans.MultiTree, IllegalStateException: Unable to load cache item
[25/08/20 18:25:29:800 GMT]  INFO cfg.Binder: Mapping class: com.dotmarketing.portlets.user.model.UserPreference -> user_preferences
[25/08/20 18:25:29:801 GMT]  INFO cfg.Binder: Mapping class: com.dotmarketing.beans.Clickstream -> clickstream
[25/08/20 18:25:29:807 GMT]  INFO cfg.Binder: Mapping class: com.dotmarketing.beans.ClickstreamRequest -> clickstream_request
[25/08/20 18:25:29:808 GMT]  INFO cfg.Binder: Mapping class: com.dotmarketing.beans.Clickstream404 -> clickstream_404
[25/08/20 18:25:29:809 GMT]  INFO cfg.Binder: Mapping class: com.dotmarketing.tag.model.Tag -> tag
[25/08/20 18:25:29:809 GMT]  INFO cfg.Binder: Mapping class: com.dotmarketing.tag.model.TagInode -> tag_inode
[25/08/20 18:25:29:815 GMT]  INFO cfg.Binder: Mapping class: com.dotmarketing.beans.ChallengeQuestion -> challenge_question
[25/08/20 18:25:29:816 GMT]  INFO cfg.Binder: Mapping class: com.dotmarketing.beans.UsersToDelete -> users_to_delete
[25/08/20 18:25:29:816 GMT]  INFO cfg.Binder: Mapping class: com.dotmarketing.plugin.model.Plugin -> plugin
[25/08/20 18:25:29:816 GMT]  INFO cfg.Binder: Mapping class: com.dotmarketing.business.Role -> cms_role
[25/08/20 18:25:29:817 GMT]  INFO cfg.Binder: Mapping class: com.dotmarketing.business.UsersRoles -> users_cms_roles
[25/08/20 18:25:29:818 GMT]  INFO cfg.Binder: Mapping class: com.dotmarketing.business.LayoutsRoles -> layouts_cms_roles
[25/08/20 18:25:29:818 GMT]  INFO cfg.Binder: Mapping class: com.dotmarketing.business.Layout -> cms_layout
[25/08/20 18:25:29:819 GMT]  INFO cfg.Binder: Mapping class: com.dotmarketing.business.PortletsLayouts -> cms_layouts_portlets
[25/08/20 18:25:29:819 GMT]  INFO cfg.Binder: Mapping class: com.dotmarketing.portlets.hostvariable.model.HostVariable -> host_variable
[25/08/20 18:25:29:820 GMT]  INFO cfg.Binder: Mapping class: com.dotmarketing.beans.FixAudit -> fixes_audit
[25/08/20 18:25:29:820 GMT]  INFO cfg.Binder: Mapping class: com.dotmarketing.beans.ContainerStructure -> container_structures
[25/08/20 18:25:29:821 GMT]  INFO cfg.Binder: Mapping class: com.dotmarketing.portlets.dashboard.model.DashboardWorkStream -> analytic_summary_workstream
[25/08/20 18:25:29:822 GMT]  INFO cfg.Binder: Mapping class: com.dotmarketing.portlets.dashboard.model.DashboardSummaryPeriod -> analytic_summary_period
[25/08/20 18:25:29:825 GMT]  INFO cfg.Binder: Mapping class: com.dotmarketing.portlets.dashboard.model.DashboardSummaryVisits -> analytic_summary_visits
[25/08/20 18:25:29:829 GMT]  INFO cfg.Binder: Mapping class: com.dotmarketing.portlets.dashboard.model.DashboardSummary404 -> analytic_summary_404
[25/08/20 18:25:29:833 GMT]  INFO cfg.Binder: Mapping class: com.dotmarketing.portlets.dashboard.model.DashboardUserPreferences -> dashboard_user_preferences
[25/08/20 18:25:29:835 GMT]  INFO cfg.Binder: Mapping class: com.dotmarketing.portlets.dashboard.model.DashboardSummary -> analytic_summary
[25/08/20 18:25:29:836 GMT]  INFO cfg.Binder: Mapping class: com.dotmarketing.portlets.dashboard.model.DashboardSummaryReferer -> analytic_summary_referer
[25/08/20 18:25:29:837 GMT]  INFO cfg.Binder: Mapping class: com.dotmarketing.portlets.dashboard.model.DashboardSummaryPage -> analytic_summary_pages
[25/08/20 18:25:29:840 GMT]  INFO cfg.Binder: Mapping class: com.dotmarketing.portlets.dashboard.model.DashboardSummaryContent -> analytic_summary_content
[25/08/20 18:25:29:841 GMT]  INFO cfg.Binder: Mapping class: com.dotmarketing.portlets.contentlet.model.ContentletVersionInfo -> contentlet_version_info
[25/08/20 18:25:29:850 GMT]  INFO cfg.Binder: Mapping class: com.dotmarketing.portlets.templates.model.TemplateVersionInfo -> template_version_info
[25/08/20 18:25:29:852 GMT]  INFO cfg.Binder: Mapping class: com.dotmarketing.portlets.containers.model.ContainerVersionInfo -> container_version_info
[25/08/20 18:25:29:853 GMT]  INFO cfg.Binder: Mapping class: com.dotmarketing.portlets.links.model.LinkVersionInfo -> link_version_info
[25/08/20 18:25:29:854 GMT]  INFO cfg.Configuration: Mapping resource: com/dotmarketing/beans/DotCMSSeq_NOSQLGEN.hbm.xml
[25/08/20 18:25:29:875 GMT]  INFO cfg.Binder: Mapping class: com.dotmarketing.plugin.model.PluginProperty -> plugin_property
[25/08/20 18:25:29:890 GMT]  INFO cfg.Configuration: processing one-to-many association mappings
[25/08/20 18:25:29:891 GMT]  INFO cfg.Binder: Mapping collection: com.dotmarketing.beans.Clickstream.clickstreamRequests -> clickstream_request
[25/08/20 18:25:29:891 GMT]  INFO cfg.Binder: Mapping collection: com.dotmarketing.portlets.dashboard.model.DashboardSummary404.userPreferences -> dashboard_user_preferences
[25/08/20 18:25:29:891 GMT]  INFO cfg.Configuration: processing one-to-one association property references
[25/08/20 18:25:29:891 GMT]  INFO cfg.Configuration: processing foreign key constraints
[25/08/20 18:25:29:905 GMT]  INFO dialect.Dialect: Using dialect: com.dotcms.repackage.net.sf.hibernate.dialect.PostgreSQLDialect
[25/08/20 18:25:29:910 GMT]  INFO cfg.SettingsFactory: Use outer join fetching: true
[25/08/20 18:25:29:915 GMT]  WARN connection.UserSuppliedConnectionProvider: No connection properties specified - the user must supply JDBC connections
[25/08/20 18:25:29:917 GMT]  INFO transaction.TransactionManagerLookupFactory: No TransactionManagerLookup configured (in JTA environment, use of process level read-write cache is not recommended)
[25/08/20 18:25:29:918 GMT]  INFO cfg.SettingsFactory: Use scrollable result sets: true
[25/08/20 18:25:29:920 GMT]  INFO cfg.SettingsFactory: Use JDBC3 getGeneratedKeys(): false
[25/08/20 18:25:29:921 GMT]  INFO cfg.SettingsFactory: Optimize cache for minimal puts: false
[25/08/20 18:25:29:921 GMT]  INFO cfg.SettingsFactory: Query language substitutions: {}
[25/08/20 18:25:29:921 GMT]  INFO cfg.SettingsFactory: cache provider: com.dotmarketing.db.NoCacheProvider
[25/08/20 18:25:29:923 GMT]  INFO cfg.Configuration: instantiating and configuring caches
[25/08/20 18:25:29:933 GMT]  INFO impl.SessionFactoryImpl: building session factory
[25/08/20 18:25:29:986 GMT]  INFO util.ReflectHelper: reflection optimizer disabled for: com.dotmarketing.beans.UserProxy, BulkBeanException: Cannot find specified property (property setMailSubscription)
[25/08/20 18:25:30:082 GMT]  INFO util.ReflectHelper: reflection optimizer disabled for: com.dotmarketing.beans.MultiTree, IllegalStateException: Unable to load cache item
[25/08/20 18:25:30:491 GMT]  INFO impl.SessionFactoryObjectFactory: Not binding factory to JNDI, no JNDI name configured
[25/08/20 18:25:30:512 GMT]  INFO runalways.Task00001LoadSchema: -------------------------------------------------------------------------------------
[25/08/20 18:25:30:512 GMT]  INFO runalways.Task00001LoadSchema: 
[25/08/20 18:25:30:512 GMT]  INFO runalways.Task00001LoadSchema: Empty dotCMS database found.  Loading initial dotCMS schema for PostgreSQL
[25/08/20 18:25:30:512 GMT]  INFO runalways.Task00001LoadSchema: 
[25/08/20 18:25:30:512 GMT]  INFO runalways.Task00001LoadSchema: -------------------------------------------------------------------------------------
[25/08/20 18:25:30:514 GMT]  INFO util.StartupTasksUtil: Running: Task00001LoadSchema
[25/08/20 18:25:30:514 GMT]  INFO runalways.Task00001LoadSchema: Loading schema
